<html><head><link href="http://fonts.googleapis.com/css?family=Roboto:300,400,500,700,400italic" rel="stylesheet"><link href="http://www.xframium.org/output/assets/css/toolkit-inverse.css" rel="stylesheet"><link href="http://www.xframium.org/output/assets/css/application.css" rel="stylesheet"><style>iframe {background-color: #eaeae1;} .abscenter { margin: auto; position: absolute; top: 0; left: 0; bottom: 0; right: 0; } .pass {color: #1bc98e;}.fail {color: #e64759;} .pageName { color: #e4d836; } .elementName { color: #e4d836; }</style></head><body><div class="container"><div class="col-sm-12 content"><div class="dashhead"><span class="pull-right text-muted">03-04-2021 at 06:56:45 IST</span><h6 class="dashhead-subtitle">xFramium  1.0.5</h6><h3 class="dashhead-title">chrome_TS_PcCreateAccount[DS_PcCreateAccount]</h3><h6>Google Chrome / Windows chrome on 127.0.0.1:4444 (SELENIUM)</h6></div><br /><div class="row statcards"><div class="col-sm-1 m-b"></div><div class="col-sm-2 m-b"><div class="statcard statcard-success"><div class="p-a"><span class="statcard-desc">Passed</span><h4 class="statcard-number">2</h4></div></div></div><div class="col-sm-2 m-b"><div class="statcard statcard-warning"><div class="p-a"><span class="statcard-desc">Ignored</span><h4 class="statcard-number">0</h4></div></div></div><div class="col-sm-2 m-b"><div class="statcard statcard-danger"><div class="p-a"><span class="statcard-desc">Failed</span><h4 class="statcard-number">1</h4></div></div></div><div class="col-sm-2 m-b"><div class="statcard statcard-info"><div class="p-a"><span class="statcard-desc">Total Steps</span><h4 class="statcard-number">3</h4></div></div></div><div class="col-sm-2 m-b"><div class="statcard statcard-info"><div class="p-a"><span class="statcard-desc">Duration</span><h4 class="statcard-number"> 0h  0m  0s</h4></div></div></div></div><br /><br/><ul class="nav nav-tabs" role="tablist"><li role="presentation" class="active"><a href="#detail" aria-controls="detail" role="tab" data-toggle="tab">Steps</a></li><li role="presentation"><a href="#console" aria-controls="console" role="tab" data-toggle="tab">Console Log</a></li><li role="presentation"><a href="#wcag" aria-controls="wcag" role="tab" data-toggle="tab">WCAG Report</a></li><li role="presentation"><a class=link-tab hRef="chrome_TS_PcCreateAccount[DS_PcCreateAccount].csv" class="list-group-item">Execution Record</a></li><li role="presentation"><a href="#external" aria-controls="external" role="tab" data-toggle="tab">Links</a></li><span class="pull-right text-muted"><a hRef="../../index.html">Return to Test Execution Summary</a></span></ul><div class="tab-content"><div role="tabpanel" class="tab-pane active" id="detail"><div class="table-responsive table-bordered"><table class="table table-hover table-condensed"><thead><th width="80%">Steps Performed</th><th width="20%">Started</th><th align=center width="0%">Status</th></thead><tr><td>Application launched in PREPROD environemnrt with URL: https://engwpcaps1.everestre.net:8181/pc/PolicyCenter.do</td><td style="vertical-align; bottom;" nowrap>06:56:42 (2ms)</td><td style="vertical-align; bottom; padding-top: 10px; " align="center"><span class="label label-info">Information</span></td></tr><tr><td><a href="D:\Results\ScreenshotsUM\DS_PcCreateAccount_2021.03.04.06.56.44.docx">Click here to view screenprints</a></td><td style="vertical-align; bottom;" nowrap>06:56:44 (0ms)</td><td style="vertical-align; bottom; padding-top: 10px; " align="center"><span class="label label-info">Information</span></td></tr><tr><td>errMessage<span class="pull-right text-muted" <a role="button" data-toggle="collapse" href="#exception2" aria-expanded="false" style="padding-right: 10px">View Error Detail</a></span></td><td style="vertical-align; bottom;" nowrap>06:56:44 (0ms)</td><td style="vertical-align; bottom; padding-top: 10px; " align="center"><span class="label label-danger">Fail</span></td></tr><tr class="collapse" id="exception2"><td><h6>java.lang.reflect.InvocationTargetException<br/>&nbsp;&nbsp;&nbsp;&nbsp;at java.base/jdk.internal.reflect.NativeMethodAccessorImpl.invoke0(Native Method)<br/>&nbsp;&nbsp;&nbsp;&nbsp;at java.base/jdk.internal.reflect.NativeMethodAccessorImpl.invoke(NativeMethodAccessorImpl.java:64)<br/>&nbsp;&nbsp;&nbsp;&nbsp;at java.base/jdk.internal.reflect.DelegatingMethodAccessorImpl.invoke(DelegatingMethodAccessorImpl.java:43)<br/>&nbsp;&nbsp;&nbsp;&nbsp;at java.base/java.lang.reflect.Method.invoke(Method.java:564)<br/>&nbsp;&nbsp;&nbsp;&nbsp;at org.xframium.page.factory.DefaultPageFactory.invoke(DefaultPageFactory.java:157)<br/>&nbsp;&nbsp;&nbsp;&nbsp;at com.sun.proxy.$Proxy24.launchPage(Unknown Source)<br/>&nbsp;&nbsp;&nbsp;&nbsp;at com.everest.page.application.spi.PageImplInvoker.launchPage(PageImplInvoker.java:129)<br/>&nbsp;&nbsp;&nbsp;&nbsp;at test.java.com.everest.test.TestDriver_ApplicationName.TS_PcCreateAccount(TestDriver_ApplicationName.java:41)<br/>&nbsp;&nbsp;&nbsp;&nbsp;at java.base/jdk.internal.reflect.NativeMethodAccessorImpl.invoke0(Native Method)<br/>&nbsp;&nbsp;&nbsp;&nbsp;at java.base/jdk.internal.reflect.NativeMethodAccessorImpl.invoke(NativeMethodAccessorImpl.java:64)<br/>&nbsp;&nbsp;&nbsp;&nbsp;at java.base/jdk.internal.reflect.DelegatingMethodAccessorImpl.invoke(DelegatingMethodAccessorImpl.java:43)<br/>&nbsp;&nbsp;&nbsp;&nbsp;at java.base/java.lang.reflect.Method.invoke(Method.java:564)<br/>&nbsp;&nbsp;&nbsp;&nbsp;at org.testng.internal.MethodInvocationHelper.invokeMethod(MethodInvocationHelper.java:132)<br/>&nbsp;&nbsp;&nbsp;&nbsp;at org.testng.internal.TestInvoker.invokeMethod(TestInvoker.java:599)<br/>&nbsp;&nbsp;&nbsp;&nbsp;at org.testng.internal.TestInvoker.invokeTestMethod(TestInvoker.java:174)<br/>&nbsp;&nbsp;&nbsp;&nbsp;at org.testng.internal.TestMethodWithDataProviderMethodWorker.call(TestMethodWithDataProviderMethodWorker.java:77)<br/>&nbsp;&nbsp;&nbsp;&nbsp;at org.testng.internal.TestMethodWithDataProviderMethodWorker.call(TestMethodWithDataProviderMethodWorker.java:15)<br/>&nbsp;&nbsp;&nbsp;&nbsp;at java.base/java.util.concurrent.FutureTask.run(FutureTask.java:264)<br/>&nbsp;&nbsp;&nbsp;&nbsp;at java.base/java.util.concurrent.Executors$RunnableAdapter.call(Executors.java:515)<br/>&nbsp;&nbsp;&nbsp;&nbsp;at java.base/java.util.concurrent.FutureTask.run(FutureTask.java:264)<br/>&nbsp;&nbsp;&nbsp;&nbsp;at java.base/java.util.concurrent.ThreadPoolExecutor.runWorker(ThreadPoolExecutor.java:1130)<br/>&nbsp;&nbsp;&nbsp;&nbsp;at java.base/java.util.concurrent.ThreadPoolExecutor$Worker.run(ThreadPoolExecutor.java:630)<br/>&nbsp;&nbsp;&nbsp;&nbsp;at java.base/java.lang.Thread.run(Thread.java:832)<br/>Caused by: org.openqa.selenium.WebDriverException: unknown error: net::ERR_NAME_NOT_RESOLVED<br/>  (Session info: chrome=88.0.4324.192)<br/>  (Driver info: chromedriver=87.0.4280.88 (89e2380a3e36c3464b5dd1302349b1382549290d-refs/branch-heads/4280@{#1761}),platform=Mac OS X 11.0.0 x86_64) (WARNING: The server did not provide any stacktrace information)<br/>Command duration or timeout: 446 milliseconds<br/>Build info: version: '2.51.0', revision: '1af067d', time: '2016-02-05 19:15:17'<br/>System info: host: 'Bonjour.local', ip: '127.0.0.1', os.name: 'Mac OS X', os.arch: 'x86_64', os.version: '10.16', java.version: '11.0.10'<br/>Driver info: org.openqa.selenium.chrome.ChromeDriver<br/>Capabilities [{mobileEmulationEnabled=false, timeouts={implicit=0, pageLoad=300000, script=30000}, hasTouchScreen=false, platform=MAC, acceptSslCerts=false, goog:chromeOptions={debuggerAddress=localhost:49903}, acceptInsecureCerts=false, webStorageEnabled=true, browserName=chrome, takesScreenshot=true, javascriptEnabled=true, setWindowRect=true, unexpectedAlertBehaviour=ignore, applicationCacheEnabled=false, rotatable=false, networkConnectionEnabled=false, chrome={chromedriverVersion=87.0.4280.88 (89e2380a3e36c3464b5dd1302349b1382549290d-refs/branch-heads/4280@{#1761}), userDataDir=/var/folders/z2/jrrc_j3s1n3czk214nsh64tc0000gn/T/.com.google.Chrome.abvMVH}, takesHeapSnapshot=true, pageLoadStrategy=normal, strictFileInteractability=false, databaseEnabled=false, handlesAlerts=true, version=88.0.4324.192, browserConnectionEnabled=false, proxy={}, nativeEvents=true, locationContextEnabled=true, cssSelectorsEnabled=true, webauthn:virtualAuthenticators=true}]<br/>Session ID: 01f0c56aabe66d1a81340490dca241d1<br/>Command duration or timeout: 1.23 seconds<br/>Build info: version: '2.53.0', revision: '35ae25b', time: '2016-03-15 17:00:58'<br/>System info: host: 'Bonjour.local', ip: '127.0.0.1', os.name: 'Mac OS X', os.arch: 'x86_64', os.version: '10.16', java.version: '15.0.1'<br/>Driver info: org.openqa.selenium.remote.RemoteWebDriver<br/>Capabilities [{mobileEmulationEnabled=false, timeouts={implicit=0, pageLoad=300000, script=30000}, hasTouchScreen=false, platform=MAC, acceptSslCerts=false, goog:chromeOptions={debuggerAddress=localhost:49903}, acceptInsecureCerts=false, webStorageEnabled=true, browserName=chrome, takesScreenshot=true, javascriptEnabled=true, setWindowRect=true, unexpectedAlertBehaviour=ignore, applicationCacheEnabled=false, rotatable=false, networkConnectionEnabled=false, chrome={chromedriverVersion=87.0.4280.88 (89e2380a3e36c3464b5dd1302349b1382549290d-refs/branch-heads/4280@{#1761}), userDataDir=/var/folders/z2/jrrc_j3s1n3czk214nsh64tc0000gn/T/.com.google.Chrome.abvMVH}, takesHeapSnapshot=true, pageLoadStrategy=normal, strictFileInteractability=false, databaseEnabled=false, handlesAlerts=true, version=88.0.4324.192, browserConnectionEnabled=false, proxy={}, nativeEvents=true, webdriver.remote.sessionid=04c7f2ec-4e3f-43f4-95a9-2bb285b88ce7, locationContextEnabled=true, cssSelectorsEnabled=true, webauthn:virtualAuthenticators=true}]<br/>Session ID: 04c7f2ec-4e3f-43f4-95a9-2bb285b88ce7<br/>&nbsp;&nbsp;&nbsp;&nbsp;at java.base/jdk.internal.reflect.NativeConstructorAccessorImpl.newInstance0(Native Method)<br/>&nbsp;&nbsp;&nbsp;&nbsp;at java.base/jdk.internal.reflect.NativeConstructorAccessorImpl.newInstance(NativeConstructorAccessorImpl.java:64)<br/>&nbsp;&nbsp;&nbsp;&nbsp;at java.base/jdk.internal.reflect.DelegatingConstructorAccessorImpl.newInstance(DelegatingConstructorAccessorImpl.java:45)<br/>&nbsp;&nbsp;&nbsp;&nbsp;at java.base/java.lang.reflect.Constructor.newInstanceWithCaller(Constructor.java:500)<br/>&nbsp;&nbsp;&nbsp;&nbsp;at java.base/java.lang.reflect.Constructor.newInstance(Constructor.java:481)<br/>&nbsp;&nbsp;&nbsp;&nbsp;at org.openqa.selenium.remote.ErrorHandler.createThrowable(ErrorHandler.java:206)<br/>&nbsp;&nbsp;&nbsp;&nbsp;at org.openqa.selenium.remote.ErrorHandler.throwIfResponseFailed(ErrorHandler.java:158)<br/>&nbsp;&nbsp;&nbsp;&nbsp;at org.openqa.selenium.remote.RemoteWebDriver.execute(RemoteWebDriver.java:678)<br/>&nbsp;&nbsp;&nbsp;&nbsp;at org.openqa.selenium.remote.RemoteWebDriver.get(RemoteWebDriver.java:316)<br/>&nbsp;&nbsp;&nbsp;&nbsp;at org.openqa.selenium.remote.RemoteWebDriver$RemoteNavigation.to(RemoteWebDriver.java:969)<br/>&nbsp;&nbsp;&nbsp;&nbsp;at com.everest.page.application.spi.LoginPageImpl.launchPage(LoginPageImpl.java:79)<br/>&nbsp;&nbsp;&nbsp;&nbsp;... 23 more<br/>Caused by: org.openqa.selenium.remote.ScreenshotException: Screen shot has been taken<br/>Build info: version: '2.53.0', revision: '35ae25b', time: '2016-03-15 17:00:58'<br/>System info: host: 'Bonjour.local', ip: '127.0.0.1', os.name: 'Mac OS X', os.arch: 'x86_64', os.version: '10.16', java.version: '15.0.1'<br/>Driver info: driver.version: RemoteWebDriver<br/>&nbsp;&nbsp;&nbsp;&nbsp;at org.openqa.selenium.remote.ErrorHandler.throwIfResponseFailed(ErrorHandler.java:138)<br/>&nbsp;&nbsp;&nbsp;&nbsp;... 27 more<br/>Caused by: org.openqa.selenium.WebDriverException: unknown error: net::ERR_NAME_NOT_RESOLVED<br/>  (Session info: chrome=88.0.4324.192)<br/>  (Driver info: chromedriver=87.0.4280.88 (89e2380a3e36c3464b5dd1302349b1382549290d-refs/branch-heads/4280@{#1761}),platform=Mac OS X 11.0.0 x86_64) (WARNING: The server did not provide any stacktrace information)<br/>Command duration or timeout: 446 milliseconds<br/>Build info: version: '2.51.0', revision: '1af067d', time: '2016-02-05 19:15:17'<br/>System info: host: 'Bonjour.local', ip: '127.0.0.1', os.name: 'Mac OS X', os.arch: 'x86_64', os.version: '10.16', java.version: '11.0.10'<br/>Driver info: org.openqa.selenium.chrome.ChromeDriver<br/>Capabilities [{mobileEmulationEnabled=false, timeouts={implicit=0, pageLoad=300000, script=30000}, hasTouchScreen=false, platform=MAC, acceptSslCerts=false, goog:chromeOptions={debuggerAddress=localhost:49903}, acceptInsecureCerts=false, webStorageEnabled=true, browserName=chrome, takesScreenshot=true, javascriptEnabled=true, setWindowRect=true, unexpectedAlertBehaviour=ignore, applicationCacheEnabled=false, rotatable=false, networkConnectionEnabled=false, chrome={chromedriverVersion=87.0.4280.88 (89e2380a3e36c3464b5dd1302349b1382549290d-refs/branch-heads/4280@{#1761}), userDataDir=/var/folders/z2/jrrc_j3s1n3czk214nsh64tc0000gn/T/.com.google.Chrome.abvMVH}, takesHeapSnapshot=true, pageLoadStrategy=normal, strictFileInteractability=false, databaseEnabled=false, handlesAlerts=true, version=88.0.4324.192, browserConnectionEnabled=false, proxy={}, nativeEvents=true, locationContextEnabled=true, cssSelectorsEnabled=true, webauthn:virtualAuthenticators=true}]<br/>Session ID: 01f0c56aabe66d1a81340490dca241d1<br/>Build info: version: '2.53.0', revision: '35ae25b', time: '2016-03-15 17:00:58'<br/>System info: host: 'Bonjour.local', ip: '127.0.0.1', os.name: 'Mac OS X', os.arch: 'x86_64', os.version: '10.16', java.version: '15.0.1'<br/>Driver info: driver.version: EventFiringWebDriver<br/>&nbsp;&nbsp;&nbsp;&nbsp;at jdk.internal.reflect.NativeConstructorAccessorImpl.newInstance0(Native Method)<br/>&nbsp;&nbsp;&nbsp;&nbsp;at jdk.internal.reflect.NativeConstructorAccessorImpl.newInstance(NativeConstructorAccessorImpl.java:62)<br/>&nbsp;&nbsp;&nbsp;&nbsp;at jdk.internal.reflect.DelegatingConstructorAccessorImpl.newInstance(DelegatingConstructorAccessorImpl.java:45)<br/>&nbsp;&nbsp;&nbsp;&nbsp;at java.lang.reflect.Constructor.newInstance(Constructor.java:490)<br/>&nbsp;&nbsp;&nbsp;&nbsp;at org.openqa.selenium.remote.ErrorHandler.createThrowable(ErrorHandler.java:206)<br/>&nbsp;&nbsp;&nbsp;&nbsp;at org.openqa.selenium.remote.ErrorHandler.throwIfResponseFailed(ErrorHandler.java:158)<br/>&nbsp;&nbsp;&nbsp;&nbsp;at org.openqa.selenium.remote.RemoteWebDriver.execute(RemoteWebDriver.java:678)<br/>&nbsp;&nbsp;&nbsp;&nbsp;at org.openqa.selenium.remote.RemoteWebDriver.get(RemoteWebDriver.java:316)<br/>&nbsp;&nbsp;&nbsp;&nbsp;at jdk.internal.reflect.NativeMethodAccessorImpl.invoke0(Native Method)<br/>&nbsp;&nbsp;&nbsp;&nbsp;at jdk.internal.reflect.NativeMethodAccessorImpl.invoke(NativeMethodAccessorImpl.java:62)<br/>&nbsp;&nbsp;&nbsp;&nbsp;at jdk.internal.reflect.DelegatingMethodAccessorImpl.invoke(DelegatingMethodAccessorImpl.java:43)<br/>&nbsp;&nbsp;&nbsp;&nbsp;at java.lang.reflect.Method.invoke(Method.java:566)<br/>&nbsp;&nbsp;&nbsp;&nbsp;at org.openqa.selenium.support.events.EventFiringWebDriver$2.invoke(EventFiringWebDriver.java:103)<br/>&nbsp;&nbsp;&nbsp;&nbsp;at com.sun.proxy.$Proxy3.get(Unknown Source)<br/>&nbsp;&nbsp;&nbsp;&nbsp;at org.openqa.selenium.support.events.EventFiringWebDriver.get(EventFiringWebDriver.java:163)<br/>&nbsp;&nbsp;&nbsp;&nbsp;at org.openqa.selenium.remote.server.handler.ChangeUrl.call(ChangeUrl.java:40)<br/>&nbsp;&nbsp;&nbsp;&nbsp;at org.openqa.selenium.remote.server.handler.ChangeUrl.call(ChangeUrl.java:1)<br/>&nbsp;&nbsp;&nbsp;&nbsp;at java.util.concurrent.FutureTask.run(FutureTask.java:264)<br/>&nbsp;&nbsp;&nbsp;&nbsp;at org.openqa.selenium.remote.server.DefaultSession$1.run(DefaultSession.java:176)<br/>&nbsp;&nbsp;&nbsp;&nbsp;at java.util.concurrent.ThreadPoolExecutor.runWorker(ThreadPoolExecutor.java:1128)<br/>&nbsp;&nbsp;&nbsp;&nbsp;at java.util.concurrent.ThreadPoolExecutor$Worker.run(ThreadPoolExecutor.java:628)<br/>&nbsp;&nbsp;&nbsp;&nbsp;at java.lang.Thread.run(Thread.java:834)<br/></h6></td><td colSpan="2" align="center"><a hRef="failure-screenshot.png" class="thumbnail"><img class="img-rounded img-responsive" src="failure-screenshot.png" style="height: 200px;"/></a><a target="_blank" class="btn btn-danger" hRef='failureDOM.html'>View Device State</a></td></tr></TABLE></div></div><div role="tabpanel" class="tab-pane" id="console"><div id="list"><p><iframe src="console.txt" frameborder="0" height="100%" width="100%"></iframe></p></div></div><div role="tabpanel" class="tab-pane" id="wcag"><div id="list"><p><iframe src="wcag.html" frameborder="0" height="100%" width="100%"></iframe></p></div></div><div role="tabpanel" class="tab-pane" id="external"><div class="list-group"></div></div></div></div></BODY><script src="http://www.xframium.org/output/assets/js/jquery.min.js"></script><script src="http://www.xframium.org/output/assets/js/chart.js"></script><script src="http://www.xframium.org/output/assets/js/tablesorter.min.js"></script><script src="http://www.xframium.org/output/assets/js/toolkit.js"></script><script src="http://www.xframium.org/output/assets/js/application.js"></script><script>$('.link-tab').click(function() {window.open($(this).attr('href'));});</script></HTML>