<?xml version="1.0" encoding="UTF-8"?>
<testng-results ignored="0" total="2" passed="2" failed="0" skipped="0">
  <reporter-output>
  </reporter-output>
  <suite started-at="2021-06-26T16:53:54 IST" name="Default suite" finished-at="2021-06-26T16:54:49 IST" duration-ms="54140">
    <groups>
    </groups>
    <test started-at="2021-06-26T16:53:54 IST" name="Default test" finished-at="2021-06-26T16:54:49 IST" duration-ms="54140">
      <class name="test.java.com.mn.insta.test.TestDriver_ApplicationName">
        <test-method is-config="true" signature="setupSuite()[pri:0, instance:test.java.com.mn.insta.test.TestDriver_ApplicationName@4a83a74a]" started-at="2021-06-26T16:53:51 IST" name="setupSuite" finished-at="2021-06-26T16:53:54 IST" duration-ms="3164" status="PASS">
          <reporter-output>
          </reporter-output>
        </test-method> <!-- setupSuite -->
        <test-method is-config="true" signature="beforeMethod(java.lang.reflect.Method,[Ljava.lang.Object;)[pri:0, instance:test.java.com.mn.insta.test.TestDriver_ApplicationName@4a83a74a]" started-at="2021-06-26T16:53:55 IST" name="beforeMethod" finished-at="2021-06-26T16:53:59 IST" duration-ms="4057" status="PASS">
          <params>
            <param index="0">
              <value>
                <![CDATA[public void test.java.com.mn.insta.test.TestDriver_ApplicationName.TS_InstaLogin(org.xframium.device.ng.AbstractSeleniumTest$TestName,org.xframium.spi.Device) throws java.lang.Exception]]>
              </value>
            </param>
            <param index="1">
              <value>
                <![CDATA[[Ljava.lang.Object;@4303b7f0]]>
              </value>
            </param>
          </params>
          <reporter-output>
          </reporter-output>
        </test-method> <!-- beforeMethod -->
        <test-method signature="TS_InstaLogin(org.xframium.device.ng.AbstractSeleniumTest$TestName,org.xframium.spi.Device)[pri:0, instance:test.java.com.mn.insta.test.TestDriver_ApplicationName@4a83a74a]" started-at="2021-06-26T16:53:59 IST" name="TS_InstaLogin" data-provider="DeviceManager" finished-at="2021-06-26T16:54:23 IST" duration-ms="24856" status="PASS">
          <params>
            <param index="0">
              <value>
                <![CDATA[chrome_TS_InstaLogin[DS_InstaLogin]-->Google Chrome [Chrome]]]>
              </value>
            </param>
            <param index="1">
              <value>
                <![CDATA[Google Chrome (Chrome)]]>
              </value>
            </param>
          </params>
          <reporter-output>
          </reporter-output>
        </test-method> <!-- TS_InstaLogin -->
        <test-method is-config="true" signature="AfterMethod(java.lang.reflect.Method,org.testng.ITestResult)[pri:0, instance:test.java.com.mn.insta.test.TestDriver_ApplicationName@4a83a74a]" started-at="2021-06-26T16:54:23 IST" name="AfterMethod" finished-at="2021-06-26T16:54:23 IST" duration-ms="7" status="PASS">
          <params>
            <param index="0">
              <value>
                <![CDATA[public void test.java.com.mn.insta.test.TestDriver_ApplicationName.TS_InstaLogin(org.xframium.device.ng.AbstractSeleniumTest$TestName,org.xframium.spi.Device) throws java.lang.Exception]]>
              </value>
            </param>
            <param index="1">
              <value>
                <![CDATA[[TestResult name=TS_InstaLogin status=SUCCESS method=TestDriver_ApplicationName.TS_InstaLogin(org.xframium.device.ng.AbstractSeleniumTest$TestName,org.xframium.spi.Device)[pri:0, instance:test.java.com.mn.insta.test.TestDriver_ApplicationName@4a83a74a] output={null}]]]>
              </value>
            </param>
          </params>
          <reporter-output>
          </reporter-output>
        </test-method> <!-- AfterMethod -->
        <test-method is-config="true" signature="afterMethod(java.lang.reflect.Method,[Ljava.lang.Object;,org.testng.ITestResult)[pri:0, instance:test.java.com.mn.insta.test.TestDriver_ApplicationName@4a83a74a]" started-at="2021-06-26T16:54:23 IST" name="afterMethod" finished-at="2021-06-26T16:54:24 IST" duration-ms="462" status="PASS">
          <params>
            <param index="0">
              <value>
                <![CDATA[public void test.java.com.mn.insta.test.TestDriver_ApplicationName.TS_InstaLogin(org.xframium.device.ng.AbstractSeleniumTest$TestName,org.xframium.spi.Device) throws java.lang.Exception]]>
              </value>
            </param>
            <param index="1">
              <value>
                <![CDATA[[Ljava.lang.Object;@4303b7f0]]>
              </value>
            </param>
            <param index="2">
              <value>
                <![CDATA[[TestResult name=TS_InstaLogin status=SUCCESS method=TestDriver_ApplicationName.TS_InstaLogin(org.xframium.device.ng.AbstractSeleniumTest$TestName,org.xframium.spi.Device)[pri:0, instance:test.java.com.mn.insta.test.TestDriver_ApplicationName@4a83a74a] output={null}]]]>
              </value>
            </param>
          </params>
          <reporter-output>
          </reporter-output>
        </test-method> <!-- afterMethod -->
        <test-method is-config="true" signature="beforeMethod(java.lang.reflect.Method,[Ljava.lang.Object;)[pri:0, instance:test.java.com.mn.insta.test.TestDriver_ApplicationName@4a83a74a]" started-at="2021-06-26T16:54:24 IST" name="beforeMethod" finished-at="2021-06-26T16:54:27 IST" duration-ms="2612" status="PASS">
          <params>
            <param index="0">
              <value>
                <![CDATA[public void test.java.com.mn.insta.test.TestDriver_ApplicationName.TS_InstaLogin1(org.xframium.device.ng.AbstractSeleniumTest$TestName,org.xframium.spi.Device) throws java.lang.Exception]]>
              </value>
            </param>
            <param index="1">
              <value>
                <![CDATA[[Ljava.lang.Object;@757529a4]]>
              </value>
            </param>
          </params>
          <reporter-output>
          </reporter-output>
        </test-method> <!-- beforeMethod -->
        <test-method signature="TS_InstaLogin1(org.xframium.device.ng.AbstractSeleniumTest$TestName,org.xframium.spi.Device)[pri:0, instance:test.java.com.mn.insta.test.TestDriver_ApplicationName@4a83a74a]" started-at="2021-06-26T16:54:27 IST" name="TS_InstaLogin1" data-provider="DeviceManager" finished-at="2021-06-26T16:54:48 IST" duration-ms="21586" status="PASS">
          <params>
            <param index="0">
              <value>
                <![CDATA[chrome_TS_InstaLogin1[DS_InstaLogin1]-->Google Chrome [Chrome]]]>
              </value>
            </param>
            <param index="1">
              <value>
                <![CDATA[Google Chrome (Chrome)]]>
              </value>
            </param>
          </params>
          <reporter-output>
          </reporter-output>
        </test-method> <!-- TS_InstaLogin1 -->
        <test-method is-config="true" signature="AfterMethod(java.lang.reflect.Method,org.testng.ITestResult)[pri:0, instance:test.java.com.mn.insta.test.TestDriver_ApplicationName@4a83a74a]" started-at="2021-06-26T16:54:48 IST" name="AfterMethod" finished-at="2021-06-26T16:54:48 IST" duration-ms="3" status="PASS">
          <params>
            <param index="0">
              <value>
                <![CDATA[public void test.java.com.mn.insta.test.TestDriver_ApplicationName.TS_InstaLogin1(org.xframium.device.ng.AbstractSeleniumTest$TestName,org.xframium.spi.Device) throws java.lang.Exception]]>
              </value>
            </param>
            <param index="1">
              <value>
                <![CDATA[[TestResult name=TS_InstaLogin1 status=SUCCESS method=TestDriver_ApplicationName.TS_InstaLogin1(org.xframium.device.ng.AbstractSeleniumTest$TestName,org.xframium.spi.Device)[pri:0, instance:test.java.com.mn.insta.test.TestDriver_ApplicationName@4a83a74a] output={null}]]]>
              </value>
            </param>
          </params>
          <reporter-output>
          </reporter-output>
        </test-method> <!-- AfterMethod -->
        <test-method is-config="true" signature="afterMethod(java.lang.reflect.Method,[Ljava.lang.Object;,org.testng.ITestResult)[pri:0, instance:test.java.com.mn.insta.test.TestDriver_ApplicationName@4a83a74a]" started-at="2021-06-26T16:54:48 IST" name="afterMethod" finished-at="2021-06-26T16:54:49 IST" duration-ms="471" status="PASS">
          <params>
            <param index="0">
              <value>
                <![CDATA[public void test.java.com.mn.insta.test.TestDriver_ApplicationName.TS_InstaLogin1(org.xframium.device.ng.AbstractSeleniumTest$TestName,org.xframium.spi.Device) throws java.lang.Exception]]>
              </value>
            </param>
            <param index="1">
              <value>
                <![CDATA[[Ljava.lang.Object;@757529a4]]>
              </value>
            </param>
            <param index="2">
              <value>
                <![CDATA[[TestResult name=TS_InstaLogin1 status=SUCCESS method=TestDriver_ApplicationName.TS_InstaLogin1(org.xframium.device.ng.AbstractSeleniumTest$TestName,org.xframium.spi.Device)[pri:0, instance:test.java.com.mn.insta.test.TestDriver_ApplicationName@4a83a74a] output={null}]]]>
              </value>
            </param>
          </params>
          <reporter-output>
          </reporter-output>
        </test-method> <!-- afterMethod -->
        <test-method is-config="true" signature="cleanupSuite()[pri:0, instance:test.java.com.mn.insta.test.TestDriver_ApplicationName@4a83a74a]" started-at="2021-06-26T16:54:49 IST" name="cleanupSuite" finished-at="2021-06-26T16:54:49 IST" duration-ms="519" status="PASS">
          <reporter-output>
          </reporter-output>
        </test-method> <!-- cleanupSuite -->
      </class> <!-- test.java.com.mn.insta.test.TestDriver_ApplicationName -->
    </test> <!-- Default test -->
  </suite> <!-- Default suite -->
</testng-results>
