<?xml version="1.0" encoding="UTF-8"?>
<!-- Generated by org.testng.reporters.JUnitXMLReporter -->
<testsuite ignored="18" hostname="Bonjour.lan" failures="1" tests="1" name="Test" time="14.276" errors="0" timestamp="2021-03-04T07:39:35 IST">
  <testcase classname="test.java.com.everest.test.TestDriver_Lost_Declaine" name="TS_MarkAsLostContingentP" time="0.211">
    <failure type="java.lang.NullPointerException" message="Cannot invoke &amp;quot;org.openqa.selenium.WebDriver.getCurrentUrl()&amp;quot; because &amp;quot;this.webDriver&amp;quot; is null">
      <![CDATA[java.lang.NullPointerException: Cannot invoke "org.openqa.selenium.WebDriver.getCurrentUrl()" because "this.webDriver" is null
at org.xframium.device.factory.DeviceWebDriver.getCurrentUrl(DeviceWebDriver.java:408)
at test.java.com.everest.test.TestDriver_Lost_Declaine.TS_MarkAsLostContingentP(TestDriver_Lost_Declaine.java:282)
at java.base/java.util.concurrent.FutureTask.run(FutureTask.java:264)
at java.base/java.util.concurrent.Executors$RunnableAdapter.call(Executors.java:515)
at java.base/java.util.concurrent.FutureTask.run(FutureTask.java:264)
at java.base/java.util.concurrent.ThreadPoolExecutor.runWorker(ThreadPoolExecutor.java:1130)
at java.base/java.util.concurrent.ThreadPoolExecutor$Worker.run(ThreadPoolExecutor.java:630)
at java.base/java.lang.Thread.run(Thread.java:832)
... Removed 9 stack frames]]>
    </failure>
  </testcase> <!-- TS_MarkAsLostContingentP -->
  <testcase classname="com.everest.utility.CustomAbstractTest" name="@AfterSuite cleanupSuite" time="0.0">
    <ignored/>
  </testcase> <!-- @AfterSuite cleanupSuite -->
  <testcase classname="com.everest.utility.CustomAbstractTest" name="@AfterSuite cleanupSuite" time="0.0">
    <ignored/>
  </testcase> <!-- @AfterSuite cleanupSuite -->
  <testcase classname="com.everest.utility.CustomAbstractTest" name="@AfterSuite cleanupSuite" time="0.0">
    <ignored/>
  </testcase> <!-- @AfterSuite cleanupSuite -->
  <testcase classname="com.everest.utility.CustomAbstractTest" name="@AfterSuite cleanupSuite" time="0.0">
    <ignored/>
  </testcase> <!-- @AfterSuite cleanupSuite -->
  <testcase classname="com.everest.utility.CustomAbstractTest" name="@AfterSuite cleanupSuite" time="0.0">
    <ignored/>
  </testcase> <!-- @AfterSuite cleanupSuite -->
  <testcase classname="com.everest.utility.CustomAbstractTest" name="@AfterSuite cleanupSuite" time="0.0">
    <ignored/>
  </testcase> <!-- @AfterSuite cleanupSuite -->
  <testcase classname="com.everest.utility.CustomAbstractTest" name="@AfterSuite cleanupSuite" time="0.0">
    <ignored/>
  </testcase> <!-- @AfterSuite cleanupSuite -->
  <testcase classname="com.everest.utility.CustomAbstractTest" name="@AfterSuite cleanupSuite" time="0.0">
    <ignored/>
  </testcase> <!-- @AfterSuite cleanupSuite -->
  <testcase classname="com.everest.utility.CustomAbstractTest" name="@AfterSuite cleanupSuite" time="0.0">
    <ignored/>
  </testcase> <!-- @AfterSuite cleanupSuite -->
  <testcase classname="com.everest.utility.CustomAbstractTest" name="@BeforeSuite setupSuite" time="0.0">
    <ignored/>
  </testcase> <!-- @BeforeSuite setupSuite -->
  <testcase classname="com.everest.utility.CustomAbstractTest" name="@BeforeSuite setupSuite" time="0.0">
    <ignored/>
  </testcase> <!-- @BeforeSuite setupSuite -->
  <testcase classname="com.everest.utility.CustomAbstractTest" name="@BeforeSuite setupSuite" time="0.0">
    <ignored/>
  </testcase> <!-- @BeforeSuite setupSuite -->
  <testcase classname="com.everest.utility.CustomAbstractTest" name="@BeforeSuite setupSuite" time="0.0">
    <ignored/>
  </testcase> <!-- @BeforeSuite setupSuite -->
  <testcase classname="com.everest.utility.CustomAbstractTest" name="@BeforeSuite setupSuite" time="0.0">
    <ignored/>
  </testcase> <!-- @BeforeSuite setupSuite -->
  <testcase classname="com.everest.utility.CustomAbstractTest" name="@BeforeSuite setupSuite" time="0.0">
    <ignored/>
  </testcase> <!-- @BeforeSuite setupSuite -->
  <testcase classname="com.everest.utility.CustomAbstractTest" name="@BeforeSuite setupSuite" time="0.0">
    <ignored/>
  </testcase> <!-- @BeforeSuite setupSuite -->
  <testcase classname="com.everest.utility.CustomAbstractTest" name="@BeforeSuite setupSuite" time="0.0">
    <ignored/>
  </testcase> <!-- @BeforeSuite setupSuite -->
  <testcase classname="com.everest.utility.CustomAbstractTest" name="@BeforeSuite setupSuite" time="0.0">
    <ignored/>
  </testcase> <!-- @BeforeSuite setupSuite -->
</testsuite> <!-- Test -->
